mod	trans_guid	split_guid	time_now	date_entered	date_posted	acc_guid	acc_name	num	description	notes	memo	action	reconciled	amount	value	date_reconciled
-----------------
===== START
===== END
===== START
B	3a08c83e30d84a77a79bc8c61c40cd9e	89de4ae67f844bc2a3ee2cf88aabbbe1	2018-11-16 23:18:34 +0800	2018-11-16 23:13:24 +0800	2018-11-16 18:59:00 +0800	04625ace639749ae9fcb1710cede583c	用餐	1	吃饭和零食				c	10620/100	10620/100	1970-01-01 08:00:00 +0800
B	3a08c83e30d84a77a79bc8c61c40cd9e	ed1949cb7d9c44b08222a071fc70613e	2018-11-16 23:18:34 +0800	2018-11-16 23:13:24 +0800	2018-11-16 18:59:00 +0800	04625ace639749ae9fcb1710cede583c	用餐	1	吃饭和零食				n	-10620/100	-10620/100	1970-01-01 08:00:00 +0800
===== END
===== START
B	5fd76a290bc44fb1927f9ba1b7b43dfd	b9625b13d4044896a822e6a0152d7d17	2018-11-16 23:19:06 +0800	2018-11-16 23:16:36 +0800	2018-11-16 18:59:00 +0800	a20d560d3cf749c193b7286000eb5886	活期存款	1	成都银行存款				n	177895/100	177895/100	1970-01-01 08:00:00 +0800
B	5fd76a290bc44fb1927f9ba1b7b43dfd	55fed4b042e349cbb9f7c4ff72c96dde	2018-11-16 23:19:06 +0800	2018-11-16 23:16:36 +0800	2018-11-16 18:59:00 +0800	a20d560d3cf749c193b7286000eb5886	活期存款	1	成都银行存款				n	-177895/100	-177895/100	1970-01-01 08:00:00 +0800
===== END
===== START
C	5fd76a290bc44fb1927f9ba1b7b43dfd	b9625b13d4044896a822e6a0152d7d17	2018-11-16 23:19:44 +0800	2018-11-16 23:16:36 +0800	2018-11-16 18:59:00 +0800	c3cef28c40dd49cca25773f6c6b12b53	薪金	1	成都银行存款				n	-177895/100	-177895/100	1970-01-01 08:00:00 +0800
C	5fd76a290bc44fb1927f9ba1b7b43dfd	55fed4b042e349cbb9f7c4ff72c96dde	2018-11-16 23:19:44 +0800	2018-11-16 23:16:36 +0800	2018-11-16 18:59:00 +0800	a20d560d3cf749c193b7286000eb5886	活期存款	1	成都银行存款				n	177895/100	177895/100	1970-01-01 08:00:00 +0800
===== END
===== START
C	3a08c83e30d84a77a79bc8c61c40cd9e	89de4ae67f844bc2a3ee2cf88aabbbe1	2018-11-16 23:19:49 +0800	2018-11-16 23:13:24 +0800	2018-11-16 18:59:00 +0800	04625ace639749ae9fcb1710cede583c	用餐	1	吃饭和零食				c	10620/100	10620/100	1970-01-01 08:00:00 +0800
C	3a08c83e30d84a77a79bc8c61c40cd9e	ed1949cb7d9c44b08222a071fc70613e	2018-11-16 23:19:49 +0800	2018-11-16 23:13:24 +0800	2018-11-16 18:59:00 +0800	a20d560d3cf749c193b7286000eb5886	活期存款	1	吃饭和零食				n	-10620/100	-10620/100	1970-01-01 08:00:00 +0800
===== END
