mod	trans_guid	split_guid	time_now	date_entered	date_posted	acc_guid	acc_name	num	description	notes	memo	action	reconciled	amount	value	date_reconciled
-----------------
===== START
D	b033899126464ff09d587d36af97d582	9e28e8583ce24621ac71e29b23e1249c	2018-11-16 23:19:51 +0800	2018-11-16 23:19:51 +0800	2018-11-16 18:59:00 +0800								n	0/1	0/100	1970-01-01 08:00:00 +0800
===== END
===== START
D	45f7eaeed6f84a77b005d42cda414396	e97b2c5d9c714b2ba4d9406ace954603	2018-11-16 23:19:51 +0800	2018-11-16 23:19:51 +0800	2018-11-16 18:59:00 +0800								n	0/1	0/100	1970-01-01 08:00:00 +0800
===== END
===== START
===== END
===== START
C	e6d5ddeac7c1480f9c82822c4ff7d4f1	15b94cd103ad422580b4eed0705c6e88	2018-11-16 23:21:46 +0800	2018-11-16 23:21:46 +0800	2018-11-16 18:59:00 +0800	34ad352741cf48878cfd943b59b6eab9	现金		微信钱包				c	876/100	876/100	1970-01-01 08:00:00 +0800
C	e6d5ddeac7c1480f9c82822c4ff7d4f1	c7dd451182304221ac1db242b1046739	2018-11-16 23:21:46 +0800	2018-11-16 23:21:46 +0800	2018-11-16 18:59:00 +0800	c3cef28c40dd49cca25773f6c6b12b53	薪金		微信钱包				n	-876/100	-876/100	1970-01-01 08:00:00 +0800
===== END
===== START
===== END
===== START
D	98be8c48e75b48438b07081b2a148f60	de9004a7898e47249bad641c332c1ce8	2018-11-16 23:21:59 +0800	2018-11-16 23:21:59 +0800	2018-11-16 18:59:00 +0800								n	0/1	0/100	1970-01-01 08:00:00 +0800
===== END
===== START
===== END
===== START
B	e6d5ddeac7c1480f9c82822c4ff7d4f1	15b94cd103ad422580b4eed0705c6e88	2018-11-16 23:22:13 +0800	2018-11-16 23:21:46 +0800	2018-11-16 18:59:00 +0800	34ad352741cf48878cfd943b59b6eab9	现金		微信钱包				c	876/100	876/100	1970-01-01 08:00:00 +0800
B	e6d5ddeac7c1480f9c82822c4ff7d4f1	c7dd451182304221ac1db242b1046739	2018-11-16 23:22:13 +0800	2018-11-16 23:21:46 +0800	2018-11-16 18:59:00 +0800	c3cef28c40dd49cca25773f6c6b12b53	薪金		微信钱包				n	-876/100	-876/100	1970-01-01 08:00:00 +0800
===== END
===== START
D	e6d5ddeac7c1480f9c82822c4ff7d4f1	15b94cd103ad422580b4eed0705c6e88	2018-11-16 23:22:13 +0800	2018-11-16 23:21:46 +0800	2018-11-16 18:59:00 +0800	34ad352741cf48878cfd943b59b6eab9	现金		微信钱包				c	876/100	876/100	1970-01-01 08:00:00 +0800
D	e6d5ddeac7c1480f9c82822c4ff7d4f1	c7dd451182304221ac1db242b1046739	2018-11-16 23:22:13 +0800	2018-11-16 23:21:46 +0800	2018-11-16 18:59:00 +0800	c3cef28c40dd49cca25773f6c6b12b53	薪金		微信钱包				n	-876/100	-876/100	1970-01-01 08:00:00 +0800
===== END
===== START
C	8ae73eb685d64566a3f929050ff52385	fd47a275cdd34c8f97d00514432f1a39	2018-11-16 23:22:27 +0800	2018-11-16 23:22:27 +0800	2018-11-16 18:59:00 +0800	34ad352741cf48878cfd943b59b6eab9	现金		微信钱包				n	876/100	876/100	1970-01-01 08:00:00 +0800
C	8ae73eb685d64566a3f929050ff52385	bb3c7256c7fc41bfaecfc6017fc4114e	2018-11-16 23:22:27 +0800	2018-11-16 23:22:27 +0800	2018-11-16 18:59:00 +0800	896ef38f784b42c59398bf9c74e24ce4	不平衡的-CNY		微信钱包				n	-876/100	-876/100	1970-01-01 08:00:00 +0800
===== END
===== START
===== END
