mod	trans_guid	split_guid	time_now	date_entered	date_posted	acc_guid	acc_name	num	description	notes	memo	action	reconciled	amount	value	date_reconciled
-----------------
===== START
C	4ba4d63641c1443e948a0465611233c1	6377a577a1eb4a5d91e4278448cde920	2018-11-25 10:47:35 +0800	2018-11-25 10:47:35 +0800	2018-11-19 18:59:00 +0800	2974842e71524f7183f7b2502b7b68d4	公共交通		滴滴				n	942/100	942/100	1970-01-01 08:00:00 +0800
C	4ba4d63641c1443e948a0465611233c1	f610203c124c4d50b1c3ec5b279829d2	2018-11-25 10:47:35 +0800	2018-11-25 10:47:35 +0800	2018-11-19 18:59:00 +0800	a20d560d3cf749c193b7286000eb5886	活期存款		滴滴				n	-942/100	-942/100	1970-01-01 08:00:00 +0800
===== END
===== START
===== END
===== START
C	eaf86cb679c34a0d9ff9b1ed4a903735	143b02ee480c4743b881f913624d8b3b	2018-11-25 10:47:56 +0800	2018-11-25 10:47:56 +0800	2018-11-21 18:59:00 +0800	2974842e71524f7183f7b2502b7b68d4	公共交通		滴滴				n	2800/100	2800/100	1970-01-01 08:00:00 +0800
C	eaf86cb679c34a0d9ff9b1ed4a903735	1719175f787d4faeb5fc3a4a40b8dc73	2018-11-25 10:47:56 +0800	2018-11-25 10:47:56 +0800	2018-11-21 18:59:00 +0800	a20d560d3cf749c193b7286000eb5886	活期存款		滴滴				n	-2800/100	-2800/100	1970-01-01 08:00:00 +0800
===== END
===== START
===== END
===== START
C	3afde74e2eeb4d91b244209ca199dc0c	87d0682ba1eb453aac6d7ebace87656f	2018-11-25 10:48:14 +0800	2018-11-25 10:48:14 +0800	2018-11-22 18:59:00 +0800	2974842e71524f7183f7b2502b7b68d4	公共交通		滴滴				n	1476/100	1476/100	1970-01-01 08:00:00 +0800
C	3afde74e2eeb4d91b244209ca199dc0c	66525db8082d48a7b44304fbb550fe56	2018-11-25 10:48:14 +0800	2018-11-25 10:48:14 +0800	2018-11-22 18:59:00 +0800	a20d560d3cf749c193b7286000eb5886	活期存款		滴滴				n	-1476/100	-1476/100	1970-01-01 08:00:00 +0800
===== END
===== START
===== END
===== START
C	c230573c383f4034ae61aef44abed953	7dc9a4ca027e4ce5a09fe12de97ea3ea	2018-11-25 10:48:30 +0800	2018-11-25 10:48:30 +0800	2018-11-23 18:59:00 +0800	2974842e71524f7183f7b2502b7b68d4	公共交通		滴滴				n	1254/100	1254/100	1970-01-01 08:00:00 +0800
C	c230573c383f4034ae61aef44abed953	52854eb50f1e486cacd7b546420e54df	2018-11-25 10:48:30 +0800	2018-11-25 10:48:30 +0800	2018-11-23 18:59:00 +0800	a20d560d3cf749c193b7286000eb5886	活期存款		滴滴				n	-1254/100	-1254/100	1970-01-01 08:00:00 +0800
===== END
===== START
===== END
