mod	trans_guid	split_guid	time_now	date_entered	date_posted	acc_guid	acc_name	num	description	notes	memo	action	reconciled	amount	value	date_reconciled
-----------------
===== START
===== END
===== START
D	2a2a5aa84aa3430897bba1daa680b665	3388b5923b0149c085c4d09afffd3213	2018-11-16 22:27:24 +0800	2018-11-16 22:27:24 +0800	2018-11-16 18:59:00 +0800								n	0/1	0/100	1970-01-01 08:00:00 +0800
===== END
===== START
===== END
===== START
C	6ac3885876ee495bbe4f6cc2885a590d	ec34c6b204cc49ac857a9e002f6b27e6	2018-11-16 23:12:36 +0800	2018-11-16 23:12:36 +0800	2018-11-16 18:59:00 +0800	04625ace639749ae9fcb1710cede583c	用餐	1	吃饭和零食				c	0/100	0/100	1970-01-01 08:00:00 +0800
C	6ac3885876ee495bbe4f6cc2885a590d	9b33cb8cb6b8482dbba62f8a31cc2e5c	2018-11-16 23:12:36 +0800	2018-11-16 23:12:36 +0800	2018-11-16 18:59:00 +0800	04625ace639749ae9fcb1710cede583c	用餐	1	吃饭和零食				n	0/100	0/100	1970-01-01 08:00:00 +0800
===== END
===== START
===== END
===== START
B	6ac3885876ee495bbe4f6cc2885a590d	ec34c6b204cc49ac857a9e002f6b27e6	2018-11-16 23:12:47 +0800	2018-11-16 23:12:36 +0800	2018-11-16 18:59:00 +0800	04625ace639749ae9fcb1710cede583c	用餐	1	吃饭和零食				c	0/100	0/100	1970-01-01 08:00:00 +0800
B	6ac3885876ee495bbe4f6cc2885a590d	9b33cb8cb6b8482dbba62f8a31cc2e5c	2018-11-16 23:12:47 +0800	2018-11-16 23:12:36 +0800	2018-11-16 18:59:00 +0800	04625ace639749ae9fcb1710cede583c	用餐	1	吃饭和零食				n	0/100	0/100	1970-01-01 08:00:00 +0800
===== END
===== START
D	6ac3885876ee495bbe4f6cc2885a590d	ec34c6b204cc49ac857a9e002f6b27e6	2018-11-16 23:12:47 +0800	2018-11-16 23:12:36 +0800	2018-11-16 18:59:00 +0800	04625ace639749ae9fcb1710cede583c	用餐	1	吃饭和零食				c	0/100	0/100	1970-01-01 08:00:00 +0800
D	6ac3885876ee495bbe4f6cc2885a590d	9b33cb8cb6b8482dbba62f8a31cc2e5c	2018-11-16 23:12:47 +0800	2018-11-16 23:12:36 +0800	2018-11-16 18:59:00 +0800	04625ace639749ae9fcb1710cede583c	用餐	1	吃饭和零食				n	0/100	0/100	1970-01-01 08:00:00 +0800
===== END
===== START
C	3a08c83e30d84a77a79bc8c61c40cd9e	89de4ae67f844bc2a3ee2cf88aabbbe1	2018-11-16 23:13:24 +0800	2018-11-16 23:13:24 +0800	2018-11-16 18:59:00 +0800	04625ace639749ae9fcb1710cede583c	用餐	1	吃饭和零食				c	10620/100	10620/100	1970-01-01 08:00:00 +0800
C	3a08c83e30d84a77a79bc8c61c40cd9e	ed1949cb7d9c44b08222a071fc70613e	2018-11-16 23:13:24 +0800	2018-11-16 23:13:24 +0800	2018-11-16 18:59:00 +0800	04625ace639749ae9fcb1710cede583c	用餐	1	吃饭和零食				n	-10620/100	-10620/100	1970-01-01 08:00:00 +0800
===== END
===== START
===== END
