mod	trans_guid	split_guid	time_now	date_entered	date_posted	acc_guid	acc_name	num	description	notes	memo	action	reconciled	amount	value	date_reconciled
-----------------
===== START
===== END
===== START
D	27d373c68a2242198749709aba0bec30	4505c1392d8345c9ba6c3801402c6b4f	2018-11-16 23:15:37 +0800	2018-11-16 23:15:37 +0800	2018-11-16 18:59:00 +0800								n	0/1	0/100	1970-01-01 08:00:00 +0800
===== END
===== START
C	94f27068f94b473287c246ccacc20152	9c939f32bd104ef7938d5642cdedf940	2018-11-16 23:15:47 +0800	2018-11-16 23:15:47 +0800	2018-11-16 18:59:00 +0800	a20d560d3cf749c193b7286000eb5886	活期存款	1	成都银行存款				c	177895/100	177895/100	1970-01-01 08:00:00 +0800
C	94f27068f94b473287c246ccacc20152	b3535eb0e7024e229c2fbaa644eb8c22	2018-11-16 23:15:47 +0800	2018-11-16 23:15:47 +0800	2018-11-16 18:59:00 +0800	a20d560d3cf749c193b7286000eb5886	活期存款	1	成都银行存款				n	-177895/100	-177895/100	1970-01-01 08:00:00 +0800
===== END
===== START
===== END
===== START
B	94f27068f94b473287c246ccacc20152	9c939f32bd104ef7938d5642cdedf940	2018-11-16 23:16:14 +0800	2018-11-16 23:15:47 +0800	2018-11-16 18:59:00 +0800	a20d560d3cf749c193b7286000eb5886	活期存款	1	成都银行存款				c	177895/100	177895/100	1970-01-01 08:00:00 +0800
B	94f27068f94b473287c246ccacc20152	b3535eb0e7024e229c2fbaa644eb8c22	2018-11-16 23:16:14 +0800	2018-11-16 23:15:47 +0800	2018-11-16 18:59:00 +0800	a20d560d3cf749c193b7286000eb5886	活期存款	1	成都银行存款				n	-177895/100	-177895/100	1970-01-01 08:00:00 +0800
===== END
===== START
D	94f27068f94b473287c246ccacc20152	9c939f32bd104ef7938d5642cdedf940	2018-11-16 23:16:14 +0800	2018-11-16 23:15:47 +0800	2018-11-16 18:59:00 +0800	a20d560d3cf749c193b7286000eb5886	活期存款	1	成都银行存款				c	177895/100	177895/100	1970-01-01 08:00:00 +0800
D	94f27068f94b473287c246ccacc20152	b3535eb0e7024e229c2fbaa644eb8c22	2018-11-16 23:16:14 +0800	2018-11-16 23:15:47 +0800	2018-11-16 18:59:00 +0800	a20d560d3cf749c193b7286000eb5886	活期存款	1	成都银行存款				n	-177895/100	-177895/100	1970-01-01 08:00:00 +0800
===== END
===== START
C	5fd76a290bc44fb1927f9ba1b7b43dfd	b9625b13d4044896a822e6a0152d7d17	2018-11-16 23:16:36 +0800	2018-11-16 23:16:36 +0800	2018-11-16 18:59:00 +0800	a20d560d3cf749c193b7286000eb5886	活期存款	1	成都银行存款				n	177895/100	177895/100	1970-01-01 08:00:00 +0800
C	5fd76a290bc44fb1927f9ba1b7b43dfd	55fed4b042e349cbb9f7c4ff72c96dde	2018-11-16 23:16:36 +0800	2018-11-16 23:16:36 +0800	2018-11-16 18:59:00 +0800	a20d560d3cf749c193b7286000eb5886	活期存款	1	成都银行存款				n	-177895/100	-177895/100	1970-01-01 08:00:00 +0800
===== END
===== START
===== END
