mod	trans_guid	split_guid	time_now	date_entered	date_posted	acc_guid	acc_name	num	description	notes	memo	action	reconciled	amount	value	date_reconciled
-----------------
===== START
===== END
===== START
===== END
===== START
===== END
===== START
C	590a617f821d4e6daea4a2cba759edc2	0214f3d2e1884e8a853755fe8b8e9df9	2018-11-25 10:46:19 +0800	2018-11-25 10:46:19 +0800	2018-11-23 18:59:00 +0800	04625ace639749ae9fcb1710cede583c	用餐		吃饭和零食				n	1868/100	1868/100	1970-01-01 08:00:00 +0800
C	590a617f821d4e6daea4a2cba759edc2	0c22d5d7d2db4735a57fecf89b04ae70	2018-11-25 10:46:19 +0800	2018-11-25 10:46:19 +0800	2018-11-23 18:59:00 +0800	a20d560d3cf749c193b7286000eb5886	活期存款		吃饭和零食				n	-1868/100	-1868/100	1970-01-01 08:00:00 +0800
===== END
===== START
===== END
===== START
C	4641269b96f4467093bdf108d46d6364	be2728def3af43a3983f6aa2cddeb416	2018-11-25 10:46:49 +0800	2018-11-25 10:46:49 +0800	2018-11-24 18:59:00 +0800	04625ace639749ae9fcb1710cede583c	用餐		吃饭和零食				n	6648/100	6648/100	1970-01-01 08:00:00 +0800
C	4641269b96f4467093bdf108d46d6364	e9fe329026e34e65b803f34d3b0d9111	2018-11-25 10:46:49 +0800	2018-11-25 10:46:49 +0800	2018-11-24 18:59:00 +0800	a20d560d3cf749c193b7286000eb5886	活期存款		吃饭和零食				n	-6648/100	-6648/100	1970-01-01 08:00:00 +0800
===== END
===== START
===== END
