mod	trans_guid	split_guid	time_now	date_entered	date_posted	acc_guid	acc_name	num	description	notes	memo	action	reconciled	amount	value	date_reconciled
-----------------
===== START
D	18cbf0fd2aa142618601c589fc2d1c7d	87bd50986c1547d4a6c663bb9f2101e3	2018-11-16 23:16:43 +0800	2018-11-16 23:16:43 +0800	2018-11-16 18:59:00 +0800								n	0/1	0/100	1970-01-01 08:00:00 +0800
===== END
===== START
===== END
===== START
B	5fd76a290bc44fb1927f9ba1b7b43dfd	b9625b13d4044896a822e6a0152d7d17	2018-11-16 23:16:57 +0800	2018-11-16 23:16:36 +0800	2018-11-16 18:59:00 +0800	a20d560d3cf749c193b7286000eb5886	活期存款	1	成都银行存款				n	177895/100	177895/100	1970-01-01 08:00:00 +0800
B	5fd76a290bc44fb1927f9ba1b7b43dfd	55fed4b042e349cbb9f7c4ff72c96dde	2018-11-16 23:16:57 +0800	2018-11-16 23:16:36 +0800	2018-11-16 18:59:00 +0800	a20d560d3cf749c193b7286000eb5886	活期存款	1	成都银行存款				n	-177895/100	-177895/100	1970-01-01 08:00:00 +0800
===== END
===== START
C	5fd76a290bc44fb1927f9ba1b7b43dfd	b9625b13d4044896a822e6a0152d7d17	2018-11-16 23:16:57 +0800	2018-11-16 23:16:36 +0800	2018-11-16 18:59:00 +0800	a20d560d3cf749c193b7286000eb5886	活期存款	1	成都银行存款				n	0/100	0/100	1970-01-01 08:00:00 +0800
C	5fd76a290bc44fb1927f9ba1b7b43dfd	55fed4b042e349cbb9f7c4ff72c96dde	2018-11-16 23:16:57 +0800	2018-11-16 23:16:36 +0800	2018-11-16 18:59:00 +0800	a20d560d3cf749c193b7286000eb5886	活期存款	1	成都银行存款				n	0/100	0/100	1970-01-01 08:00:00 +0800
===== END
===== START
D	e9e1cb7f12b946368fecf090447c8eb4	bc019e69ed4e4de5a55b9ce2464bcc63	2018-11-16 23:16:57 +0800	2018-11-16 23:16:57 +0800	2018-11-16 18:59:00 +0800								n	0/1	0/100	1970-01-01 08:00:00 +0800
===== END
===== START
===== END
===== START
B	5fd76a290bc44fb1927f9ba1b7b43dfd	b9625b13d4044896a822e6a0152d7d17	2018-11-16 23:18:00 +0800	2018-11-16 23:16:36 +0800	2018-11-16 18:59:00 +0800	a20d560d3cf749c193b7286000eb5886	活期存款	1	成都银行存款				n	0/100	0/100	1970-01-01 08:00:00 +0800
B	5fd76a290bc44fb1927f9ba1b7b43dfd	55fed4b042e349cbb9f7c4ff72c96dde	2018-11-16 23:18:00 +0800	2018-11-16 23:16:36 +0800	2018-11-16 18:59:00 +0800	a20d560d3cf749c193b7286000eb5886	活期存款	1	成都银行存款				n	0/100	0/100	1970-01-01 08:00:00 +0800
===== END
===== START
C	5fd76a290bc44fb1927f9ba1b7b43dfd	b9625b13d4044896a822e6a0152d7d17	2018-11-16 23:18:00 +0800	2018-11-16 23:16:36 +0800	2018-11-16 18:59:00 +0800	a20d560d3cf749c193b7286000eb5886	活期存款	1	成都银行存款				n	177895/100	177895/100	1970-01-01 08:00:00 +0800
C	5fd76a290bc44fb1927f9ba1b7b43dfd	55fed4b042e349cbb9f7c4ff72c96dde	2018-11-16 23:18:00 +0800	2018-11-16 23:16:36 +0800	2018-11-16 18:59:00 +0800	a20d560d3cf749c193b7286000eb5886	活期存款	1	成都银行存款				n	-177895/100	-177895/100	1970-01-01 08:00:00 +0800
===== END
